<?xml version="1.0" encoding="UTF-8"?>
<!-- Generated by org.testng.reporters.JUnitReportReporter -->
<testsuite hostname="hp" failures="0" tests="8" name="tests.HomepageAndGeneralElementsTest" time="131.414" errors="0" timestamp="2025-06-17T14:30:58 IST" skipped="0">
  <testcase classname="tests.HomepageAndGeneralElementsTest" name="verifyAllFooterLinks" time="15.903"/>
  <system-out/>
  <testcase classname="tests.HomepageAndGeneralElementsTest" name="verifyAllFooterLinks" time="17.731"/>
  <system-out/>
  <testcase classname="tests.HomepageAndGeneralElementsTest" name="verifyAllFooterLinks" time="12.025"/>
  <system-out/>
  <testcase classname="tests.HomepageAndGeneralElementsTest" name="verifyAllFooterLinks" time="13.974"/>
  <system-out/>
  <testcase classname="tests.HomepageAndGeneralElementsTest" name="verifyAllFooterLinks" time="9.342"/>
  <system-out/>
  <testcase classname="tests.HomepageAndGeneralElementsTest" name="verifyAllFooterLinks" time="30.304"/>
  <system-out/>
  <testcase classname="tests.HomepageAndGeneralElementsTest" name="verifyAllFooterLinks" time="20.903"/>
  <system-out/>
  <testcase classname="tests.HomepageAndGeneralElementsTest" name="verifyAllFooterLinks" time="11.232"/>
  <system-out/>
</testsuite> <!-- tests.HomepageAndGeneralElementsTest -->
