<?xml version="1.0" encoding="UTF-8"?>
<!-- Generated by org.testng.reporters.JUnitReportReporter -->
<testsuite hostname="hp" failures="0" tests="29" name="tests.HomepageAndGeneralElementsTest" time="259.057" errors="0" timestamp="2025-06-17T17:40:28 IST" skipped="0">
  <testcase classname="tests.HomepageAndGeneralElementsTest" name="verifyLogoNavigatesToHomepage" time="6.648"/>
  <system-out/>
  <testcase classname="tests.HomepageAndGeneralElementsTest" name="verifyHoverDisplaysSubMenu" time="4.256"/>
  <system-out/>
  <testcase classname="tests.HomepageAndGeneralElementsTest" name="verifyMainNavigationLink" time="6.478"/>
  <system-out/>
  <testcase classname="tests.HomepageAndGeneralElementsTest" name="verifySubMenuNavigationLink" time="6.223"/>
  <system-out/>
  <testcase classname="tests.HomepageAndGeneralElementsTest" name="verifyGuestUserAuthLinks" time="6.584"/>
  <system-out/>
  <testcase classname="tests.HomepageAndGeneralElementsTest" name="searchForFullProductName" time="7.113"/>
  <system-out/>
  <testcase classname="tests.HomepageAndGeneralElementsTest" name="searchForGenericCategory" time="5.799"/>
  <system-out/>
  <testcase classname="tests.HomepageAndGeneralElementsTest" name="searchWithPartialNameAndVerifyAutocomplete" time="3.491"/>
  <system-out/>
  <testcase classname="tests.HomepageAndGeneralElementsTest" name="searchWithProductSku" time="6.307"/>
  <system-out/>
  <testcase classname="tests.HomepageAndGeneralElementsTest" name="searchForNonExistentProduct" time="7.241"/>
  <system-out/>
  <testcase classname="tests.HomepageAndGeneralElementsTest" name="searchWithEmptyField" time="4.572"/>
  <system-out/>
  <testcase classname="tests.HomepageAndGeneralElementsTest" name="searchWithSpecialCharacters" time="4.819"/>
  <system-out/>
  <testcase classname="tests.HomepageAndGeneralElementsTest" name="searchWithLeadingTrailingSpaces" time="5.661"/>
  <system-out/>
  <testcase classname="tests.HomepageAndGeneralElementsTest" name="searchWithMixedCase" time="8.696"/>
  <system-out/>
  <testcase classname="tests.HomepageAndGeneralElementsTest" name="searchAfterLogin" time="17.739"/>
  <system-out/>
  <testcase classname="tests.HomepageAndGeneralElementsTest" name="validateListViewAndGridView" time="25.122"/>
  <system-out/>
  <testcase classname="tests.HomepageAndGeneralElementsTest" name="validateAddToCompare" time="7.634"/>
  <system-out/>
  <testcase classname="tests.HomepageAndGeneralElementsTest" name="validateSortSearchResults" time="36.930"/>
  <system-out/>
  <testcase classname="tests.HomepageAndGeneralElementsTest" name="validateShowPerPageLimiter" time="18.017"/>
  <system-out/>
  <testcase classname="tests.HomepageAndGeneralElementsTest" name="validateSearchBarIsAlwaysPresent" time="5.419"/>
  <system-out/>
  <testcase classname="tests.HomepageAndGeneralElementsTest" name="validateSearchResultsPageElements" time="4.770"/>
  <system-out/>
  <testcase classname="tests.HomepageAndGeneralElementsTest" name="verifyAllFooterLinks" time="7.549"/>
  <system-out/>
  <testcase classname="tests.HomepageAndGeneralElementsTest" name="verifyAllFooterLinks" time="8.620"/>
  <system-out/>
  <testcase classname="tests.HomepageAndGeneralElementsTest" name="verifyAllFooterLinks" time="7.275"/>
  <system-out/>
  <testcase classname="tests.HomepageAndGeneralElementsTest" name="verifyAllFooterLinks" time="7.142"/>
  <system-out/>
  <testcase classname="tests.HomepageAndGeneralElementsTest" name="verifyAllFooterLinks" time="9.150"/>
  <system-out/>
  <testcase classname="tests.HomepageAndGeneralElementsTest" name="verifyAllFooterLinks" time="6.898"/>
  <system-out/>
  <testcase classname="tests.HomepageAndGeneralElementsTest" name="verifyAllFooterLinks" time="6.291"/>
  <system-out/>
  <testcase classname="tests.HomepageAndGeneralElementsTest" name="verifyAllFooterLinks" time="6.613"/>
  <system-out/>
</testsuite> <!-- tests.HomepageAndGeneralElementsTest -->
