<?xml version="1.0" encoding="UTF-8"?>
<!-- Generated by org.testng.reporters.JUnitReportReporter -->
<testsuite hostname="hp" failures="0" tests="13" name="tests.ProductDiscoveryAndBrowsingTest" time="800.959" errors="0" timestamp="2025-06-18T20:06:44 IST" skipped="0">
  <testcase classname="tests.ProductDiscoveryAndBrowsingTest" name="verifySortByPrice" time="67.484"/>
  <system-out/>
  <testcase classname="tests.ProductDiscoveryAndBrowsingTest" name="verifySortByProductName" time="68.898"/>
  <system-out/>
  <testcase classname="tests.ProductDiscoveryAndBrowsingTest" name="verifySingleFilter" time="68.542"/>
  <system-out/>
  <testcase classname="tests.ProductDiscoveryAndBrowsingTest" name="verifyMultipleFilters" time="99.576"/>
  <system-out/>
  <testcase classname="tests.ProductDiscoveryAndBrowsingTest" name="verifyClearAllFilters" time="108.827"/>
  <system-out/>
  <testcase classname="tests.ProductDiscoveryAndBrowsingTest" name="verifyFilterThenSort" time="101.649"/>
  <system-out/>
  <testcase classname="tests.ProductDiscoveryAndBrowsingTest" name="verifyPaginationUpdatesAfterFilteringOnSubCategory" time="67.579"/>
  <system-out/>
  <testcase classname="tests.ProductDiscoveryAndBrowsingTest" name="addProductToCompareFromPDP" time="41.857"/>
  <system-out/>
  <testcase classname="tests.ProductDiscoveryAndBrowsingTest" name="validateComparePageWithTwoItems" time="42.643"/>
  <system-out/>
  <testcase classname="tests.ProductDiscoveryAndBrowsingTest" name="addSameProductToCompareTwice" time="41.125"/>
  <system-out/>
  <testcase classname="tests.ProductDiscoveryAndBrowsingTest" name="removeItemFromComparePage" time="45.570"/>
  <system-out/>
  <testcase classname="tests.ProductDiscoveryAndBrowsingTest" name="validateComparePageElements" time="40.264"/>
  <system-out/>
  <testcase classname="tests.ProductDiscoveryAndBrowsingTest" name="validateEmptyComparePage" time="6.945"/>
  <system-out/>
</testsuite> <!-- tests.ProductDiscoveryAndBrowsingTest -->
