<?xml version="1.0" encoding="UTF-8"?>
<!-- Generated by org.testng.reporters.JUnitReportReporter -->
<testsuite hostname="hp" failures="0" tests="30" name="tests.RegisterTest" time="414.319" errors="0" timestamp="2025-06-30T00:55:15 IST" skipped="0">
  <testcase classname="tests.RegisterTest" name="testSuccessfulRegistration" time="11.048"/>
  <system-out/>
  <testcase classname="tests.RegisterTest" name="testRedirectionToMyAccount" time="20.478"/>
  <system-out/>
  <testcase classname="tests.RegisterTest" name="testSuccessMessageDisplay" time="26.835"/>
  <system-out/>
  <testcase classname="tests.RegisterTest" name="testFullNameInHeader" time="16.474"/>
  <system-out/>
  <testcase classname="tests.RegisterTest" name="testRegistrationWithLongNames" time="65.413"/>
  <system-out/>
  <testcase classname="tests.RegisterTest" name="testRegistrationWithComplexPassword" time="10.087"/>
  <system-out/>
  <testcase classname="tests.RegisterTest" name="testRegistrationWithSubdomainEmail" time="9.697"/>
  <system-out/>
  <testcase classname="tests.RegisterTest" name="testRegistrationFailsWithBlankEmail" time="6.166"/>
  <system-out/>
  <testcase classname="tests.RegisterTest" name="testRegistrationFailsWithBlankPassword" time="11.721"/>
  <system-out/>
  <testcase classname="tests.RegisterTest" name="testRegistrationFailsWithBlankFirstName" time="7.809"/>
  <system-out/>
  <testcase classname="tests.RegisterTest" name="testRegistrationFailsWithBlankLastName" time="5.465"/>
  <system-out/>
  <testcase classname="tests.RegisterTest" name="testRegistrationFailsWithBlankConfirmPassword" time="8.371"/>
  <system-out/>
  <testcase classname="tests.RegisterTest" name="testRegistrationFailsWithExistingEmail" time="22.566"/>
  <system-out/>
  <testcase classname="tests.RegisterTest" name="testRegistrationFailsWithInvalidEmailFormat" time="4.799"/>
  <system-out/>
  <testcase classname="tests.RegisterTest" name="testRegistrationFailsWithPasswordMismatch" time="10.137"/>
  <system-out/>
  <testcase classname="tests.RegisterTest" name="testRegistrationFailsWithShortPassword" time="4.451"/>
  <system-out/>
  <testcase classname="tests.RegisterTest" name="testRegistrationWithMinimumLengthPassword" time="11.435"/>
  <system-out/>
  <testcase classname="tests.RegisterTest" name="testRegistrationFailsWithSimplePassword" time="5.333"/>
  <system-out/>
  <testcase classname="tests.RegisterTest" name="testSubmitEmptyForm" time="9.548"/>
  <system-out/>
  <testcase classname="tests.RegisterTest" name="testRegistrationWithSpecialCharNames" time="19.443"/>
  <system-out/>
  <testcase classname="tests.RegisterTest" name="testRegistrationWithLongEmail" time="12.917"/>
  <system-out/>
  <testcase classname="tests.RegisterTest" name="testRegistrationWithWhitespaceInput" time="5.100"/>
  <system-out/>
  <testcase classname="tests.RegisterTest" name="testSqlInjectionAttempt" time="51.171"/>
  <system-out/>
  <testcase classname="tests.RegisterTest" name="testPasswordIsMasked" time="6.035"/>
  <system-out/>
  <testcase classname="tests.RegisterTest" name="testPasswordStrengthIndicator" time="8.926"/>
  <system-out/>
  <testcase classname="tests.RegisterTest" name="testFieldLabels" time="8.203"/>
  <system-out/>
  <testcase classname="tests.RegisterTest" name="testResponsiveLayout" time="4.854"/>
  <system-out/>
  <testcase classname="tests.RegisterTest" name="testTabOrder" time="7.393"/>
  <system-out/>
  <testcase classname="tests.RegisterTest" name="testErrorMessagesAreVisuallyDistinct" time="17.482"/>
  <system-out/>
  <testcase classname="tests.RegisterTest" name="testCreateAccountButtonInitiallyEnabled" time="4.962"/>
  <system-out/>
</testsuite> <!-- tests.RegisterTest -->
