<?xml version="1.0" encoding="UTF-8"?>
<!-- Generated by org.testng.reporters.JUnitReportReporter -->
<testsuite hostname="hp" failures="0" tests="24" name="tests.LoginTest" time="318.174" errors="0" timestamp="2025-06-30T05:00:20 IST" skipped="0">
  <testcase classname="tests.LoginTest" name="testSuccessfulLogin" time="15.886"/>
  <system-out/>
  <testcase classname="tests.LoginTest" name="testRedirectionToMyAccount" time="16.291"/>
  <system-out/>
  <testcase classname="tests.LoginTest" name="testHeaderUpdatesOnLogin" time="14.393"/>
  <system-out/>
  <testcase classname="tests.LoginTest" name="testLoginWithCaseInsensitiveEmail" time="17.275"/>
  <system-out/>
  <testcase classname="tests.LoginTest" name="testCartPersistenceAfterLogin" time="42.083"/>
  <system-out/>
  <testcase classname="tests.LoginTest" name="testLoginFromDedicatedPage" time="7.402"/>
  <system-out/>
  <testcase classname="tests.LoginTest" name="testLoginFailsWithIncorrectPassword" time="5.375"/>
  <system-out/>
  <testcase classname="tests.LoginTest" name="testLoginFailsWithUnregisteredEmail" time="6.021"/>
  <system-out/>
  <testcase classname="tests.LoginTest" name="testGenericErrorMessage" time="9.855"/>
  <system-out/>
  <testcase classname="tests.LoginTest" name="testLoginFailsWithBlankEmail" time="5.233"/>
  <system-out/>
  <testcase classname="tests.LoginTest" name="testLoginFailsWithBlankPassword" time="4.429"/>
  <system-out/>
  <testcase classname="tests.LoginTest" name="testLoginFailsWithAllFieldsBlank" time="4.314"/>
  <system-out/>
  <testcase classname="tests.LoginTest" name="testAccountLockout" time="32.537"/>
  <system-out/>
  <testcase classname="tests.LoginTest" name="testLoginWithSpacesInEmail" time="14.963"/>
  <system-out/>
  <testcase classname="tests.LoginTest" name="testLoginFailsWithSpacesInPassword" time="16.556"/>
  <system-out/>
  <testcase classname="tests.LoginTest" name="testSqlInjectionAttempt" time="4.162"/>
  <system-out/>
  <testcase classname="tests.LoginTest" name="testForgotPasswordLink" time="6.270"/>
  <system-out/>
  <testcase classname="tests.LoginTest" name="testCreateAccountButtonNavigation" time="6.999"/>
  <system-out/>
  <testcase classname="tests.LoginTest" name="testPasswordIsMasked" time="5.551"/>
  <system-out/>
  <testcase classname="tests.LoginTest" name="testSessionCookieCreation" time="17.861"/>
  <system-out/>
  <testcase classname="tests.LoginTest" name="testRedirectFromLoginWhenLoggedIn" time="17.489"/>
  <system-out/>
  <testcase classname="tests.LoginTest" name="testHeaderLinksChangeAfterLogin" time="26.386"/>
  <system-out/>
  <testcase classname="tests.LoginTest" name="testResponsiveLayoutOnMobile" time="5.312"/>
  <system-out/>
  <testcase classname="tests.LoginTest" name="testEnterKeySubmitsForm" time="15.531"/>
  <system-out/>
</testsuite> <!-- tests.LoginTest -->
