<?xml version="1.0" encoding="UTF-8"?>
<!-- Generated by org.testng.reporters.JUnitReportReporter -->
<testsuite hostname="hp" failures="0" tests="27" name="tests.UserAccountManagementTest" time="217.867" errors="0" timestamp="2025-06-17T11:30:18 IST" skipped="0">
  <testcase classname="tests.UserAccountManagementTest" name="createAccountSuccess" time="9.574"/>
  <system-out/>
  <testcase classname="tests.UserAccountManagementTest" name="createAccountWithRequiredFieldBlank" time="6.979"/>
  <system-out/>
  <testcase classname="tests.UserAccountManagementTest" name="createAccountWithExistingEmail" time="8.522"/>
  <system-out/>
  <testcase classname="tests.UserAccountManagementTest" name="createAccountWithMismatchedPasswords" time="6.173"/>
  <system-out/>
  <testcase classname="tests.UserAccountManagementTest" name="createAccountWithInvalidEmail" time="6.180"/>
  <system-out/>
  <testcase classname="tests.UserAccountManagementTest" name="checkPasswordStrength" time="6.029"/>
  <system-out/>
  <testcase classname="tests.UserAccountManagementTest" name="checkPasswordStrength" time="7.903"/>
  <system-out/>
  <testcase classname="tests.UserAccountManagementTest" name="checkPasswordStrength" time="5.887"/>
  <system-out/>
  <testcase classname="tests.UserAccountManagementTest" name="createAccountWithInvalidCharactersInName" time="8.067"/>
  <system-out/>
  <testcase classname="tests.UserAccountManagementTest" name="createAccountWithValidSpecialCharacters" time="10.088"/>
  <system-out/>
  <testcase classname="tests.UserAccountManagementTest" name="navigateToCreateAccountFromLoginPage" time="7.287"/>
  <system-out/>
  <testcase classname="tests.UserAccountManagementTest" name="validatePlaceholdersAndRequiredMarkers" time="6.080"/>
  <system-out/>
  <testcase classname="tests.UserAccountManagementTest" name="createAccountWithOnlySpacesInFields" time="6.101"/>
  <system-out/>
  <testcase classname="tests.UserAccountManagementTest" name="createAccountWithEmptyConfirmPassword" time="5.754"/>
  <system-out/>
  <testcase classname="tests.UserAccountManagementTest" name="validateCreateAccountPageElements" time="6.313"/>
  <system-out/>
  <testcase classname="tests.UserAccountManagementTest" name="loginSuccess" time="15.474"/>
  <system-out/>
  <testcase classname="tests.UserAccountManagementTest" name="verifyHeaderAfterLogin" time="15.039"/>
  <system-out/>
  <testcase classname="tests.UserAccountManagementTest" name="logoutSuccess" time="10.149"/>
  <system-out/>
  <testcase classname="tests.UserAccountManagementTest" name="loginWithIncorrectPassword" time="8.576"/>
  <system-out/>
  <testcase classname="tests.UserAccountManagementTest" name="loginWithNonExistentEmail" time="7.575"/>
  <system-out/>
  <testcase classname="tests.UserAccountManagementTest" name="verifyBrowserBackAfterLogout" time="12.569"/>
  <system-out/>
  <testcase classname="tests.UserAccountManagementTest" name="testForgotPassword" time="10.190"/>
  <system-out/>
  <testcase classname="tests.UserAccountManagementTest" name="loginWithEmptyCredentials" time="5.974"/>
  <system-out/>
  <testcase classname="tests.UserAccountManagementTest" name="validateLoginFloatingLabel" time="5.753"/>
  <system-out/>
  <testcase classname="tests.UserAccountManagementTest" name="validateLoginFloatingLabelPassword" time="5.926"/>
  <system-out/>
  <testcase classname="tests.UserAccountManagementTest" name="validateLoginPageElements" time="5.506"/>
  <system-out/>
  <testcase classname="tests.UserAccountManagementTest" name="validateBackButtonOnForgotPasswordPage" time="8.199"/>
  <system-out/>
</testsuite> <!-- tests.UserAccountManagementTest -->
